rks395
*   1a60f28 Merge branch 'Y' into Q
|\  
| *   c6cfaa1 Merge branch 'C' into Y
| |\  
| | | *   99ff340 Merge branch 'Z' into R
| | | |\  
| | | | *   f2338db Merge branch 'D' into Z
| | | | |\  
| | | | | * 25fd370 branch d
| | | |_|/  
| | |/| |   
| | * | | 90f1db5 branch c
| | | | * 5488468 branch z
| | |_|/  
| |/| |   
| * | | 8464f3b branch y
| | | * 74527d8 branch R
| |_|/  
|/| |   
* | | b40438e branch Q
* | | 6a133b8 branch p
|/ /  
* | c8250fd branch x
|/  
* 6b446f3 branch b
* ed1550d master
